<?xml version="1.0" encoding="UTF-8"?>
<!-- Generated by org.testng.reporters.JUnitReportReporter -->
<testsuite skipped="0" hostname="LAPTOP-1BF2L213" name="DemoTestNg.DemoTestNg.PriorityTestNG" tests="4" failures="0" timestamp="22 May 2020 23:25:22 GMT" time="0.023" errors="0">
  <testcase name="a1M1" time="0.017" classname="DemoTestNg.DemoTestNg.PriorityTestNG"/>
  <testcase name="aM1" time="0.001" classname="DemoTestNg.DemoTestNg.PriorityTestNG"/>
  <testcase name="m1" time="0.003" classname="DemoTestNg.DemoTestNg.PriorityTestNG"/>
  <testcase name="A2M1" time="0.002" classname="DemoTestNg.DemoTestNg.PriorityTestNG"/>
</testsuite> <!-- DemoTestNg.DemoTestNg.PriorityTestNG -->
