<?xml version="1.0" encoding="UTF-8"?>
<!-- Generated by org.testng.reporters.JUnitReportReporter -->
<testsuite hostname="LAPTOP-1BF2L213" name="DemoTestNg.DemoTestNg.annotation_1" tests="1" failures="0" timestamp="22 May 2020 22:17:20 GMT" time="0.006" errors="0">
  <testcase name="m3" time="0.006" classname="DemoTestNg.DemoTestNg.annotation_1"/>
</testsuite> <!-- DemoTestNg.DemoTestNg.annotation_1 -->
