<?xml version="1.0" encoding="UTF-8"?>
<!-- Generated by org.testng.reporters.JUnitReportReporter -->
<testsuite skipped="0" hostname="LAPTOP-1BF2L213" name="DemoTestNg.DemoTestNg.Demo_dataProvider" tests="5" failures="0" timestamp="26 May 2020 22:03:35 GMT" time="0.048" errors="0">
  <testcase name="validatingTrainerInfo" time="0.009" classname="DemoTestNg.DemoTestNg.Demo_dataProvider"/>
  <testcase name="validatingTrainerInfo" time="0.010" classname="DemoTestNg.DemoTestNg.Demo_dataProvider"/>
  <testcase name="validatingTrainerInfo" time="0.005" classname="DemoTestNg.DemoTestNg.Demo_dataProvider"/>
  <testcase name="validatingTrainerInfo" time="0.021" classname="DemoTestNg.DemoTestNg.Demo_dataProvider"/>
  <testcase name="validatingTrainerInfo" time="0.003" classname="DemoTestNg.DemoTestNg.Demo_dataProvider"/>
</testsuite> <!-- DemoTestNg.DemoTestNg.Demo_dataProvider -->
