<?xml version="1.0" encoding="UTF-8"?>
<!-- Generated by org.testng.reporters.JUnitReportReporter -->
<testsuite skipped="0" hostname="LAPTOP-1BF2L213" name="DemoTestNg.DemoTestNg.annotations" tests="1" failures="0" timestamp="27 May 2020 00:30:49 GMT" time="0.017" errors="0">
  <testcase name="m11" time="0.017" classname="DemoTestNg.DemoTestNg.annotations"/>
</testsuite> <!-- DemoTestNg.DemoTestNg.annotations -->
