<?xml version="1.0" encoding="UTF-8"?>
<!-- Generated by org.testng.reporters.JUnitReportReporter -->
<testsuite skipped="0" hostname="LAPTOP-1BF2L213" name="DemoTestNg.DemoTestNg.TC_Home" tests="2" failures="0" timestamp="27 May 2020 05:35:18 GMT" time="0.024" errors="0">
  <testcase name="TC_Home_02" time="0.002" classname="DemoTestNg.DemoTestNg.TC_Home"/>
  <testcase name="TC_Home_01" time="0.022" classname="DemoTestNg.DemoTestNg.TC_Home"/>
</testsuite> <!-- DemoTestNg.DemoTestNg.TC_Home -->
