<?xml version="1.0" encoding="UTF-8"?>
<!-- Generated by org.testng.reporters.JUnitReportReporter -->
<testsuite skipped="0" hostname="LAPTOP-1BF2L213" name="DemoTestNg.DemoTestNg.TC_Home_Group" tests="1" failures="0" timestamp="26 May 2020 23:17:31 GMT" time="0.013" errors="0">
  <testcase name="TC_Home_02" time="0.013" classname="DemoTestNg.DemoTestNg.TC_Home_Group"/>
</testsuite> <!-- DemoTestNg.DemoTestNg.TC_Home_Group -->
