<?xml version="1.0" encoding="UTF-8"?>
<!-- Generated by org.testng.reporters.JUnitReportReporter -->
<testsuite skipped="0" hostname="LAPTOP-1BF2L213" name="DemoTestNg.DemoTestNg.attest_annotation" tests="4" failures="0" timestamp="22 May 2020 23:24:08 GMT" time="0.024" errors="0">
  <testcase name="aM1" time="0.004" classname="DemoTestNg.DemoTestNg.attest_annotation"/>
  <testcase name="a1M1" time="0.009" classname="DemoTestNg.DemoTestNg.attest_annotation"/>
  <testcase name="m1" time="0.004" classname="DemoTestNg.DemoTestNg.attest_annotation"/>
  <testcase name="A2M1" time="0.007" classname="DemoTestNg.DemoTestNg.attest_annotation"/>
</testsuite> <!-- DemoTestNg.DemoTestNg.attest_annotation -->
