<?xml version="1.0" encoding="UTF-8"?>
<!-- Generated by org.testng.reporters.JUnitReportReporter -->
<testsuite skipped="0" hostname="LAPTOP-1BF2L213" name="DemoTestNg.DemoTestNg.TC_Login_Group" tests="2" failures="0" timestamp="26 May 2020 23:17:31 GMT" time="0.002" errors="0">
  <testcase name="TC_Login_01" time="0.001" classname="DemoTestNg.DemoTestNg.TC_Login_Group"/>
  <testcase name="TC_Login_03" time="0.001" classname="DemoTestNg.DemoTestNg.TC_Login_Group"/>
</testsuite> <!-- DemoTestNg.DemoTestNg.TC_Login_Group -->
