<?xml version="1.0" encoding="UTF-8"?>
<!-- Generated by org.testng.reporters.JUnitReportReporter -->
<testsuite skipped="0" hostname="LAPTOP-1BF2L213" name="DemoTestNg.DemoTestNg.TC_Login_dependsonMethod" tests="4" failures="0" timestamp="26 May 2020 23:40:03 GMT" time="0.028" errors="0">
  <testcase name="TC_Login_03" time="0.001" classname="DemoTestNg.DemoTestNg.TC_Login_dependsonMethod"/>
  <testcase name="TC_Login_04" time="0.004" classname="DemoTestNg.DemoTestNg.TC_Login_dependsonMethod"/>
  <testcase name="TC_Login_01" time="0.020" classname="DemoTestNg.DemoTestNg.TC_Login_dependsonMethod"/>
  <testcase name="TC_Login_02" time="0.003" classname="DemoTestNg.DemoTestNg.TC_Login_dependsonMethod"/>
</testsuite> <!-- DemoTestNg.DemoTestNg.TC_Login_dependsonMethod -->
