<?xml version="1.0" encoding="UTF-8"?>
<!-- Generated by org.testng.reporters.JUnitReportReporter -->
<testsuite ignored="3" hostname="LAPTOP-1BF2L213" failures="0" tests="2" name="DemoTestNg.DemoTestNg.TC_Login_Group" time="0.005" errors="0" timestamp="11 Jun 2020 17:00:52 GMT" skipped="0">
  <testcase classname="DemoTestNg.DemoTestNg.TC_Login_Group" name="TC_Login_01" time="0.003"/>
  <testcase classname="DemoTestNg.DemoTestNg.TC_Login_Group" name="TC_Login_03" time="0.002"/>
  <testcase classname="DemoTestNg.DemoTestNg.TC_Home_Group" name="TC_Home_01">
    <skipped/>
  </testcase> <!-- TC_Home_01 -->
  <testcase classname="DemoTestNg.DemoTestNg.TC_Login_Group" name="TC_Login_02">
    <skipped/>
  </testcase> <!-- TC_Login_02 -->
  <testcase classname="DemoTestNg.DemoTestNg.TC_Login_Group" name="TC_Login_04">
    <skipped/>
  </testcase> <!-- TC_Login_04 -->
</testsuite> <!-- DemoTestNg.DemoTestNg.TC_Login_Group -->
